1 0.687021 0.687021 1.08238 0 0.395359
0 0.3774 0.3774 1.30712 0 0.929717
4 1.18775 1.18775 2.11341 0 0.925661
10 2.09443 2.09443 2.40317 0 0.30874
9 1.89207 1.89207 2.81043 0 0.918361
8 1.79186 1.79186 3.04769 0 1.25583
5 1.22004 1.22004 3.12652 0 1.90648
13 3.03909 3.03909 3.2968 0 0.257713
2 0.742542 0.742542 3.4755 0 2.73296
6 1.36067 1.36067 3.4765 0 2.11583
11 2.48831 2.48831 3.6785 0 1.19019
3 0.973445 0.973445 3.81837 0 2.84492
15 3.53399 3.53399 4.06817 0 0.534178
7 1.73484 1.73484 4.12575 0 2.39091
17 3.69807 3.69807 4.71539 0 1.01731
23 4.42143 4.42143 4.78099 0 0.359555
12 2.84336 2.84336 4.91751 0 2.07415
14 3.41643 3.41643 5.28043 0 1.86401
28 5.61031 5.61031 6.1715 0 0.561198
21 4.13793 4.13793 7.38215 0 3.24422
16 3.6636 3.6636 7.58943 0 3.92582
35 7.51387 7.58943 7.64014 0.0755556 0.0507105
19 3.95558 3.95558 7.76883 0 3.81325
18 3.84122 3.84122 7.8996 0 4.05838
31 6.61671 7.38215 9.07599 0.765445 1.69384
20 3.96736 3.96736 9.29518 0 5.32782
22 4.31001 4.31001 9.35295 0 5.04295
27 5.33729 5.33729 9.42834 0 4.09105
30 6.26179 6.26179 10.3532 0 4.09139
26 5.02153 5.02153 10.4389 0 5.41737
25 4.77339 4.77339 10.4781 0 5.7047
46 10.1343 10.3532 10.7759 0.218909 0.422734
39 8.74119 9.07599 11.2238 0.334803 2.14782
36 7.72665 7.72665 11.719 0 3.99237
48 10.5009 10.5009 12.2623 0 1.76142
53 12.0483 12.2623 12.6841 0.214069 0.421815
44 9.89419 9.89419 12.6952 0 2.801
37 8.12441 8.12441 13.6049 0 5.48053
49 10.8276 10.8276 14.3803 0 3.55263
42 9.2628 9.29518 15.6278 0.0323757 6.33259
38 8.51903 8.51903 15.6883 0 7.16927
43 9.51444 9.51444 16.4757 0 6.9613
65 15.7662 15.7662 16.4852 0 0.718934
52 11.7251 11.7251 17.2223 0 5.49723
54 12.3373 12.6841 17.2552 0.346832 4.57109
50 11.192 11.192 17.6939 0 6.50187
69 16.4119 16.4852 18.3656 0.0732331 1.88042
58 13.4838 13.6049 18.7946 0.121167 5.18962
51 11.5673 11.5673 18.9736 0 7.40636
55 12.7313 12.7313 19.3323 0 6.601
64 15.4994 15.6278 19.8232 0.128415 4.1954
72 17.0073 17.2223 20.2629 0.215008 3.04059
82 19.5764 19.8232 20.3004 0.246748 0.477239
84 19.7069 20.3004 20.3573 0.593547 0.0569323
80 19.2031 19.3323 20.9845 0.129242 1.65216
74 17.5461 17.6939 21.2357 0.147802 3.54183
83 19.6622 20.2629 21.3405 0.600656 1.07762
59 13.8678 14.3803 21.6408 0.512499 7.26054
75 17.8056 18.3656 23.0586 0.560017 4.69301
77 18.2708 18.7946 23.4005 0.523795 4.60597
73 17.2125 17.2552 23.5028 0.0426826 6.24755
100 23.5202 23.5202 23.8542 0 0.334007
78 18.6521 18.9736 24.1977 0.321527 5.22405
91 21.5705 21.5705 24.286 0 2.71546
103 24.1077 24.1977 24.7719 0.0900159 0.574266
99 23.1476 23.4005 25.0818 0.252893 1.68124
97 22.7201 23.0586 25.2254 0.33851 2.16676
68 16.1193 16.4757 25.428 0.356456 8.95227
85 20.0792 20.3573 25.5653 0.278183 5.20795
104 24.2945 24.2945 25.818 0 1.52348
111 25.5157 25.5653 25.8537 0.049639 0.288375
87 20.6941 20.9845 26.0564 0.290414 5.07194
101 23.6674 23.8542 26.2148 0.186853 2.36058
108 25.0046 25.2254 26.5768 0.220765 1.3514
88 20.805 21.2357 26.6951 0.43074 5.45937
92 21.5841 21.6408 26.7428 0.0566757 5.10198
110 25.2593 25.428 27.0881 0.16867 1.66008
116 26.4826 26.4826 27.1086 0 0.626009
114 25.9117 25.9117 27.1759 0 1.2642
107 24.9907 25.0818 27.1834 0.0910777 2.10164
106 24.64 24.7719 27.3562 0.131977 2.58425
113 25.6343 25.818 28.6533 0.183675 2.83529
115 26.265 26.265 29.1145 0 2.84948
